TN:
SF:src\stack-array.js
FN:4,(anonymous_0)
FN:8,(anonymous_1)
FN:13,(anonymous_2)
FN:18,(anonymous_3)
FN:23,(anonymous_4)
FN:28,(anonymous_5)
FN:32,(anonymous_6)
FNF:7
FNH:7
FNDA:6,(anonymous_0)
FNDA:10,(anonymous_1)
FNDA:1,(anonymous_2)
FNDA:2,(anonymous_3)
FNDA:2,(anonymous_4)
FNDA:1,(anonymous_5)
FNDA:3,(anonymous_6)
DA:1,1
DA:5,6
DA:9,10
DA:10,10
DA:14,1
DA:15,1
DA:19,2
DA:20,2
DA:24,2
DA:25,2
DA:29,1
DA:33,3
DA:34,3
DA:38,1
LF:14
LH:14
BRF:0
BRH:0
end_of_record
TN:
SF:src\stack.js
FN:2,(anonymous_0)
FN:7,(anonymous_1)
FN:12,(anonymous_2)
FN:23,(anonymous_3)
FN:31,(anonymous_4)
FN:35,(anonymous_5)
FN:40,(anonymous_6)
FN:44,(anonymous_7)
FNF:8
FNH:8
FNDA:11,(anonymous_0)
FNDA:21,(anonymous_1)
FNDA:11,(anonymous_2)
FNDA:3,(anonymous_3)
FNDA:28,(anonymous_4)
FNDA:1,(anonymous_5)
FNDA:3,(anonymous_6)
FNDA:2,(anonymous_7)
DA:3,11
DA:4,11
DA:8,21
DA:9,21
DA:13,11
DA:14,1
DA:16,10
DA:17,10
DA:18,10
DA:20,10
DA:24,3
DA:25,1
DA:28,2
DA:32,28
DA:36,1
DA:37,1
DA:41,3
DA:45,2
DA:46,1
DA:48,1
DA:50,1
DA:51,1
DA:54,1
DA:57,2
LF:24
LH:24
BRDA:13,0,0,1
BRDA:13,0,1,10
BRDA:24,1,0,1
BRDA:24,1,1,2
BRDA:45,2,0,1
BRDA:45,2,1,1
BRF:6
BRH:6
end_of_record
TN:
SF:src\exercises\decimalToBinary.js
FN:3,decimalToBinary
FNF:1
FNH:1
FNDA:1,decimalToBinary
DA:1,1
DA:4,1
DA:5,1
DA:6,1
DA:9,1
DA:10,9
DA:11,9
DA:12,9
DA:15,1
DA:16,9
DA:19,1
DA:22,1
LF:12
LH:12
BRF:0
BRH:0
end_of_record
