TN:
SF:src\stack-array.js
FN:2,(anonymous_0)
FN:6,(anonymous_1)
FN:10,(anonymous_2)
FN:14,(anonymous_3)
FN:18,(anonymous_4)
FN:22,(anonymous_5)
FN:26,(anonymous_6)
FNF:7
FNH:7
FNDA:6,(anonymous_0)
FNDA:10,(anonymous_1)
FNDA:1,(anonymous_2)
FNDA:2,(anonymous_3)
FNDA:2,(anonymous_4)
FNDA:1,(anonymous_5)
FNDA:3,(anonymous_6)
DA:3,6
DA:7,10
DA:11,1
DA:15,2
DA:19,2
DA:23,1
DA:27,3
DA:31,1
LF:8
LH:8
BRF:0
BRH:0
end_of_record
TN:
SF:src\stack.js
FN:2,(anonymous_0)
FN:7,(anonymous_1)
FN:12,(anonymous_2)
FN:23,(anonymous_3)
FN:31,(anonymous_4)
FN:35,(anonymous_5)
FN:40,(anonymous_6)
FN:44,(anonymous_7)
FNF:8
FNH:8
FNDA:10,(anonymous_0)
FNDA:12,(anonymous_1)
FNDA:2,(anonymous_2)
FNDA:3,(anonymous_3)
FNDA:9,(anonymous_4)
FNDA:1,(anonymous_5)
FNDA:3,(anonymous_6)
FNDA:2,(anonymous_7)
DA:3,10
DA:4,10
DA:8,12
DA:9,12
DA:13,2
DA:14,1
DA:16,1
DA:17,1
DA:18,1
DA:20,1
DA:24,3
DA:25,1
DA:28,2
DA:32,9
DA:36,1
DA:37,1
DA:41,3
DA:45,2
DA:46,1
DA:48,1
DA:50,1
DA:51,1
DA:54,1
DA:57,1
LF:24
LH:24
BRDA:13,0,0,1
BRDA:13,0,1,1
BRDA:24,1,0,1
BRDA:24,1,1,2
BRDA:45,2,0,1
BRDA:45,2,1,1
BRF:6
BRH:6
end_of_record
